[1111/190841.050:ERROR:directory_reader_win.cc(43)] FindFirstFile: Het systeem kan het opgegeven pad niet vinden. (0x3)
[1114/074708.855:ERROR:directory_reader_win.cc(43)] FindFirstFile: Het systeem kan het opgegeven pad niet vinden. (0x3)
[1114/154048.945:ERROR:process_reader_win.cc(151)] SuspendThread: Toegang geweigerd. (0x5)
[1114/154048.948:ERROR:process_reader_win.cc(151)] SuspendThread: Toegang geweigerd. (0x5)
[1114/154048.950:ERROR:process_reader_win.cc(123)] NtOpenThread: {Toegang geweigerd} Een proces heeft toegang tot een object aangevraagd, maar heeft deze toegangsrechten niet gekregen. (0xc0000022)
[1114/154048.961:ERROR:process_reader_win.cc(151)] SuspendThread: Toegang geweigerd. (0x5)
[1114/154048.961:ERROR:exception_snapshot_win.cc(99)] thread ID 20980 not found in process
[1114/154048.961:ERROR:process_reader_win.cc(151)] SuspendThread: Toegang geweigerd. (0x5)
[1114/154048.960:ERROR:process_reader_win.cc(151)] SuspendThread: Toegang geweigerd. (0x5)
[1114/154048.961:ERROR:process_reader_win.cc(151)] SuspendThread: Toegang geweigerd. (0x5)
[1114/154048.961:ERROR:process_reader_win.cc(151)] SuspendThread: Toegang geweigerd. (0x5)
[1114/154048.961:ERROR:process_reader_win.cc(151)] SuspendThread: Toegang geweigerd. (0x5)
[1114/154048.961:ERROR:process_reader_win.cc(151)] SuspendThread: Toegang geweigerd. (0x5)
[1114/154048.961:ERROR:process_reader_win.cc(151)] SuspendThread: Toegang geweigerd. (0x5)
[1114/154048.961:ERROR:process_reader_win.cc(151)] SuspendThread: Toegang geweigerd. (0x5)
[1114/154048.961:ERROR:process_reader_win.cc(151)] SuspendThread: Toegang geweigerd. (0x5)
[1114/154048.961:ERROR:process_reader_win.cc(151)] SuspendThread: Toegang geweigerd. (0x5)
[1114/154048.961:ERROR:process_reader_win.cc(151)] SuspendThread: Toegang geweigerd. (0x5)
[1114/154048.961:ERROR:process_reader_win.cc(151)] SuspendThread: Toegang geweigerd. (0x5)
[1114/154048.961:ERROR:process_reader_win.cc(151)] SuspendThread: Toegang geweigerd. (0x5)
[1114/154048.961:ERROR:process_reader_win.cc(151)] SuspendThread: Toegang geweigerd. (0x5)
[1114/154048.961:ERROR:process_reader_win.cc(151)] SuspendThread: Toegang geweigerd. (0x5)
[1114/154048.961:ERROR:process_reader_win.cc(151)] SuspendThread: Toegang geweigerd. (0x5)
[1114/154048.961:ERROR:process_reader_win.cc(151)] SuspendThread: Toegang geweigerd. (0x5)
[1114/154048.961:ERROR:process_reader_win.cc(151)] SuspendThread: Toegang geweigerd. (0x5)
[1114/154048.961:ERROR:process_reader_win.cc(151)] SuspendThread: Toegang geweigerd. (0x5)
[1114/154048.961:ERROR:process_reader_win.cc(151)] SuspendThread: Toegang geweigerd. (0x5)
[1114/154048.961:ERROR:process_reader_win.cc(151)] SuspendThread: Toegang geweigerd. (0x5)
[1114/154048.961:ERROR:process_reader_win.cc(151)] SuspendThread: Toegang geweigerd. (0x5)
[1114/154048.961:ERROR:process_reader_win.cc(151)] SuspendThread: Toegang geweigerd. (0x5)
[1114/154048.961:ERROR:process_reader_win.cc(123)] NtOpenThread: {Toegang geweigerd} Een proces heeft toegang tot een object aangevraagd, maar heeft deze toegangsrechten niet gekregen. (0xc0000022)
[1114/154048.961:ERROR:process_reader_win.cc(151)] SuspendThread: Toegang geweigerd. (0x5)
[1114/154048.961:ERROR:process_reader_win.cc(123)] NtOpenThread: {Toegang geweigerd} Een proces heeft toegang tot een object aangevraagd, maar heeft deze toegangsrechten niet gekregen. (0xc0000022)
[1114/154048.962:ERROR:exception_snapshot_win.cc(99)] thread ID 23860 not found in process
[1114/154048.962:ERROR:exception_snapshot_win.cc(99)] thread ID 3080 not found in process
[1114/154048.965:ERROR:process_reader_win.cc(151)] SuspendThread: Toegang geweigerd. (0x5)
[1114/154048.965:ERROR:process_reader_win.cc(151)] SuspendThread: Toegang geweigerd. (0x5)
[1114/154048.965:ERROR:process_reader_win.cc(151)] SuspendThread: Toegang geweigerd. (0x5)
[1114/154048.965:ERROR:process_reader_win.cc(151)] SuspendThread: Toegang geweigerd. (0x5)
[1114/154048.965:ERROR:process_reader_win.cc(151)] SuspendThread: Toegang geweigerd. (0x5)
[1114/154048.965:ERROR:process_reader_win.cc(151)] SuspendThread: Toegang geweigerd. (0x5)
[1114/154048.966:ERROR:process_reader_win.cc(151)] SuspendThread: Toegang geweigerd. (0x5)
[1114/154048.966:ERROR:process_reader_win.cc(151)] SuspendThread: Toegang geweigerd. (0x5)
[1114/154048.966:ERROR:process_reader_win.cc(151)] SuspendThread: Toegang geweigerd. (0x5)
[1114/154048.966:ERROR:process_reader_win.cc(151)] SuspendThread: Toegang geweigerd. (0x5)
[1114/154048.966:ERROR:process_reader_win.cc(151)] SuspendThread: Toegang geweigerd. (0x5)
[1114/154048.966:ERROR:process_reader_win.cc(151)] SuspendThread: Toegang geweigerd. (0x5)
[1114/154048.966:ERROR:process_reader_win.cc(151)] SuspendThread: Toegang geweigerd. (0x5)
[1114/154048.966:ERROR:process_reader_win.cc(123)] NtOpenThread: {Toegang geweigerd} Een proces heeft toegang tot een object aangevraagd, maar heeft deze toegangsrechten niet gekregen. (0xc0000022)
[1114/154048.966:ERROR:exception_snapshot_win.cc(99)] thread ID 21656 not found in process
[1114/154048.959:ERROR:process_reader_win.cc(151)] SuspendThread: Toegang geweigerd. (0x5)
[1114/154048.966:ERROR:process_reader_win.cc(151)] SuspendThread: Toegang geweigerd. (0x5)
[1114/154048.966:ERROR:process_reader_win.cc(151)] SuspendThread: Toegang geweigerd. (0x5)
[1114/154048.966:ERROR:process_reader_win.cc(151)] SuspendThread: Toegang geweigerd. (0x5)
[1114/154048.966:ERROR:process_reader_win.cc(151)] SuspendThread: Toegang geweigerd. (0x5)
[1114/154048.966:ERROR:process_reader_win.cc(151)] SuspendThread: Toegang geweigerd. (0x5)
[1114/154048.966:ERROR:process_reader_win.cc(151)] SuspendThread: Toegang geweigerd. (0x5)
[1114/154048.966:ERROR:process_reader_win.cc(151)] SuspendThread: Toegang geweigerd. (0x5)
[1114/154048.966:ERROR:process_reader_win.cc(151)] SuspendThread: Toegang geweigerd. (0x5)
[1114/154048.966:ERROR:process_reader_win.cc(151)] SuspendThread: Toegang geweigerd. (0x5)
[1114/154048.966:ERROR:process_reader_win.cc(151)] SuspendThread: Toegang geweigerd. (0x5)
[1114/154048.966:ERROR:process_reader_win.cc(151)] SuspendThread: Toegang geweigerd. (0x5)
[1114/154048.966:ERROR:process_reader_win.cc(151)] SuspendThread: Toegang geweigerd. (0x5)
[1114/154048.966:ERROR:process_reader_win.cc(123)] NtOpenThread: {Toegang geweigerd} Een proces heeft toegang tot een object aangevraagd, maar heeft deze toegangsrechten niet gekregen. (0xc0000022)
[1114/154048.966:ERROR:exception_snapshot_win.cc(99)] thread ID 27488 not found in process
[1114/154048.975:ERROR:process_reader_win.cc(151)] SuspendThread: Toegang geweigerd. (0x5)
[1114/154048.975:ERROR:process_reader_win.cc(151)] SuspendThread: Toegang geweigerd. (0x5)
[1114/154048.975:ERROR:process_reader_win.cc(151)] SuspendThread: Toegang geweigerd. (0x5)
[1114/154048.975:ERROR:process_reader_win.cc(151)] SuspendThread: Toegang geweigerd. (0x5)
[1114/154048.975:ERROR:process_reader_win.cc(151)] SuspendThread: Toegang geweigerd. (0x5)
[1114/154048.975:ERROR:process_reader_win.cc(151)] SuspendThread: Toegang geweigerd. (0x5)
[1114/154048.975:ERROR:process_reader_win.cc(151)] SuspendThread: Toegang geweigerd. (0x5)
[1114/154048.975:ERROR:process_reader_win.cc(151)] SuspendThread: Toegang geweigerd. (0x5)
[1114/154048.975:ERROR:process_reader_win.cc(151)] SuspendThread: Toegang geweigerd. (0x5)
[1114/154048.975:ERROR:process_reader_win.cc(151)] SuspendThread: Toegang geweigerd. (0x5)
[1114/154048.975:ERROR:process_reader_win.cc(151)] SuspendThread: Toegang geweigerd. (0x5)
[1114/154048.975:ERROR:process_reader_win.cc(151)] SuspendThread: Toegang geweigerd. (0x5)
[1114/154048.975:ERROR:process_reader_win.cc(151)] SuspendThread: Toegang geweigerd. (0x5)
[1114/154048.975:ERROR:process_reader_win.cc(123)] NtOpenThread: {Toegang geweigerd} Een proces heeft toegang tot een object aangevraagd, maar heeft deze toegangsrechten niet gekregen. (0xc0000022)
[1114/154048.976:ERROR:exception_snapshot_win.cc(99)] thread ID 24380 not found in process
[1114/154049.002:ERROR:process_reader_win.cc(151)] SuspendThread: Toegang geweigerd. (0x5)
[1114/154049.003:ERROR:process_reader_win.cc(151)] SuspendThread: Toegang geweigerd. (0x5)
[1114/154049.003:ERROR:process_reader_win.cc(151)] SuspendThread: Toegang geweigerd. (0x5)
[1114/154049.003:ERROR:process_reader_win.cc(151)] SuspendThread: Toegang geweigerd. (0x5)
[1114/154049.003:ERROR:process_reader_win.cc(151)] SuspendThread: Toegang geweigerd. (0x5)
[1114/154049.003:ERROR:process_reader_win.cc(151)] SuspendThread: Toegang geweigerd. (0x5)
[1114/154049.003:ERROR:process_reader_win.cc(151)] SuspendThread: Toegang geweigerd. (0x5)
[1114/154049.003:ERROR:process_reader_win.cc(151)] SuspendThread: Toegang geweigerd. (0x5)
[1114/154049.003:ERROR:process_reader_win.cc(151)] SuspendThread: Toegang geweigerd. (0x5)
[1114/154049.003:ERROR:process_reader_win.cc(151)] SuspendThread: Toegang geweigerd. (0x5)
[1114/154049.003:ERROR:process_reader_win.cc(151)] SuspendThread: Toegang geweigerd. (0x5)
[1114/154049.003:ERROR:process_reader_win.cc(151)] SuspendThread: Toegang geweigerd. (0x5)
[1114/154049.003:ERROR:process_reader_win.cc(123)] NtOpenThread: {Toegang geweigerd} Een proces heeft toegang tot een object aangevraagd, maar heeft deze toegangsrechten niet gekregen. (0xc0000022)
[1114/154049.003:ERROR:exception_snapshot_win.cc(99)] thread ID 22624 not found in process
[1114/154049.004:ERROR:process_reader_win.cc(151)] SuspendThread: Toegang geweigerd. (0x5)
[1114/154049.004:ERROR:process_reader_win.cc(151)] SuspendThread: Toegang geweigerd. (0x5)
[1114/154049.004:ERROR:process_reader_win.cc(151)] SuspendThread: Toegang geweigerd. (0x5)
[1114/154049.004:ERROR:process_reader_win.cc(151)] SuspendThread: Toegang geweigerd. (0x5)
[1114/154049.004:ERROR:process_reader_win.cc(151)] SuspendThread: Toegang geweigerd. (0x5)
[1114/154049.004:ERROR:process_reader_win.cc(151)] SuspendThread: Toegang geweigerd. (0x5)
[1114/154049.004:ERROR:process_reader_win.cc(151)] SuspendThread: Toegang geweigerd. (0x5)
[1114/154049.004:ERROR:process_reader_win.cc(151)] SuspendThread: Toegang geweigerd. (0x5)
[1114/154049.004:ERROR:process_reader_win.cc(151)] SuspendThread: Toegang geweigerd. (0x5)
[1114/154049.004:ERROR:process_reader_win.cc(151)] SuspendThread: Toegang geweigerd. (0x5)
[1114/154049.004:ERROR:process_reader_win.cc(151)] SuspendThread: Toegang geweigerd. (0x5)
[1114/154049.004:ERROR:process_reader_win.cc(151)] SuspendThread: Toegang geweigerd. (0x5)
[1114/154049.004:ERROR:process_reader_win.cc(123)] NtOpenThread: {Toegang geweigerd} Een proces heeft toegang tot een object aangevraagd, maar heeft deze toegangsrechten niet gekregen. (0xc0000022)
[1114/154049.005:ERROR:exception_snapshot_win.cc(99)] thread ID 11724 not found in process
[1114/154049.007:ERROR:process_reader_win.cc(151)] SuspendThread: Toegang geweigerd. (0x5)
[1114/154049.007:ERROR:process_reader_win.cc(151)] SuspendThread: Toegang geweigerd. (0x5)
[1114/154049.007:ERROR:process_reader_win.cc(151)] SuspendThread: Toegang geweigerd. (0x5)
[1114/154049.007:ERROR:process_reader_win.cc(151)] SuspendThread: Toegang geweigerd. (0x5)
[1114/154049.007:ERROR:process_reader_win.cc(151)] SuspendThread: Toegang geweigerd. (0x5)
[1114/154049.007:ERROR:process_reader_win.cc(151)] SuspendThread: Toegang geweigerd. (0x5)
[1114/154049.007:ERROR:process_reader_win.cc(151)] SuspendThread: Toegang geweigerd. (0x5)
[1114/154049.007:ERROR:process_reader_win.cc(151)] SuspendThread: Toegang geweigerd. (0x5)
[1114/154049.007:ERROR:process_reader_win.cc(151)] SuspendThread: Toegang geweigerd. (0x5)
[1114/154049.007:ERROR:process_reader_win.cc(151)] SuspendThread: Toegang geweigerd. (0x5)
[1114/154049.007:ERROR:process_reader_win.cc(151)] SuspendThread: Toegang geweigerd. (0x5)
[1114/154049.007:ERROR:process_reader_win.cc(123)] NtOpenThread: {Toegang geweigerd} Een proces heeft toegang tot een object aangevraagd, maar heeft deze toegangsrechten niet gekregen. (0xc0000022)
[1114/154049.007:ERROR:exception_snapshot_win.cc(99)] thread ID 9352 not found in process
[1114/154049.012:ERROR:process_reader_win.cc(151)] SuspendThread: Toegang geweigerd. (0x5)
[1114/154049.012:ERROR:process_reader_win.cc(151)] SuspendThread: Toegang geweigerd. (0x5)
[1114/154049.012:ERROR:process_reader_win.cc(151)] SuspendThread: Toegang geweigerd. (0x5)
[1114/154049.012:ERROR:process_reader_win.cc(151)] SuspendThread: Toegang geweigerd. (0x5)
[1114/154049.012:ERROR:process_reader_win.cc(151)] SuspendThread: Toegang geweigerd. (0x5)
[1114/154049.012:ERROR:process_reader_win.cc(151)] SuspendThread: Toegang geweigerd. (0x5)
[1114/154049.012:ERROR:process_reader_win.cc(151)] SuspendThread: Toegang geweigerd. (0x5)
[1114/154049.012:ERROR:process_reader_win.cc(151)] SuspendThread: Toegang geweigerd. (0x5)
[1114/154049.012:ERROR:process_reader_win.cc(151)] SuspendThread: Toegang geweigerd. (0x5)
[1114/154049.012:ERROR:process_reader_win.cc(151)] SuspendThread: Toegang geweigerd. (0x5)
[1114/154049.012:ERROR:process_reader_win.cc(151)] SuspendThread: Toegang geweigerd. (0x5)
[1114/154049.012:ERROR:process_reader_win.cc(151)] SuspendThread: Toegang geweigerd. (0x5)
[1114/154049.012:ERROR:process_reader_win.cc(151)] SuspendThread: Toegang geweigerd. (0x5)
[1114/154049.012:ERROR:process_reader_win.cc(123)] NtOpenThread: {Toegang geweigerd} Een proces heeft toegang tot een object aangevraagd, maar heeft deze toegangsrechten niet gekregen. (0xc0000022)
[1114/154049.013:ERROR:exception_snapshot_win.cc(99)] thread ID 22668 not found in process
[1114/154049.022:ERROR:process_reader_win.cc(151)] SuspendThread: Toegang geweigerd. (0x5)
[1114/154049.022:ERROR:process_reader_win.cc(151)] SuspendThread: Toegang geweigerd. (0x5)
[1114/154049.022:ERROR:process_reader_win.cc(151)] SuspendThread: Toegang geweigerd. (0x5)
[1114/154049.022:ERROR:process_reader_win.cc(151)] SuspendThread: Toegang geweigerd. (0x5)
[1114/154049.022:ERROR:process_reader_win.cc(151)] SuspendThread: Toegang geweigerd. (0x5)
[1114/154049.022:ERROR:process_reader_win.cc(151)] SuspendThread: Toegang geweigerd. (0x5)
[1114/154049.022:ERROR:process_reader_win.cc(151)] SuspendThread: Toegang geweigerd. (0x5)
[1114/154049.022:ERROR:process_reader_win.cc(151)] SuspendThread: Toegang geweigerd. (0x5)
[1114/154049.022:ERROR:process_reader_win.cc(151)] SuspendThread: Toegang geweigerd. (0x5)
[1114/154049.022:ERROR:process_reader_win.cc(151)] SuspendThread: Toegang geweigerd. (0x5)
[1114/154049.022:ERROR:process_reader_win.cc(151)] SuspendThread: Toegang geweigerd. (0x5)
[1114/154049.022:ERROR:process_reader_win.cc(151)] SuspendThread: Toegang geweigerd. (0x5)
[1114/154049.022:ERROR:process_reader_win.cc(151)] SuspendThread: Toegang geweigerd. (0x5)
[1114/154049.022:ERROR:process_reader_win.cc(123)] NtOpenThread: {Toegang geweigerd} Een proces heeft toegang tot een object aangevraagd, maar heeft deze toegangsrechten niet gekregen. (0xc0000022)
[1114/154049.023:ERROR:exception_snapshot_win.cc(99)] thread ID 24196 not found in process
[1114/154049.028:ERROR:process_reader_win.cc(151)] SuspendThread: Toegang geweigerd. (0x5)
[1114/154049.029:ERROR:process_reader_win.cc(151)] SuspendThread: Toegang geweigerd. (0x5)
[1114/154049.029:ERROR:process_reader_win.cc(151)] SuspendThread: Toegang geweigerd. (0x5)
[1114/154049.028:ERROR:process_reader_win.cc(151)] SuspendThread: Toegang geweigerd. (0x5)
[1114/154049.029:ERROR:process_reader_win.cc(151)] SuspendThread: Toegang geweigerd. (0x5)
[1114/154049.029:ERROR:process_reader_win.cc(151)] SuspendThread: Toegang geweigerd. (0x5)
[1114/154049.029:ERROR:process_reader_win.cc(151)] SuspendThread: Toegang geweigerd. (0x5)
[1114/154049.029:ERROR:process_reader_win.cc(151)] SuspendThread: Toegang geweigerd. (0x5)
[1114/154049.029:ERROR:process_reader_win.cc(151)] SuspendThread: Toegang geweigerd. (0x5)
[1114/154049.029:ERROR:process_reader_win.cc(151)] SuspendThread: Toegang geweigerd. (0x5)
[1114/154049.029:ERROR:process_reader_win.cc(151)] SuspendThread: Toegang geweigerd. (0x5)
[1114/154049.029:ERROR:process_reader_win.cc(151)] SuspendThread: Toegang geweigerd. (0x5)
[1114/154049.029:ERROR:process_reader_win.cc(151)] SuspendThread: Toegang geweigerd. (0x5)
[1114/154049.029:ERROR:process_reader_win.cc(151)] SuspendThread: Toegang geweigerd. (0x5)
[1114/154049.029:ERROR:process_reader_win.cc(151)] SuspendThread: Toegang geweigerd. (0x5)
[1114/154049.029:ERROR:process_reader_win.cc(151)] SuspendThread: Toegang geweigerd. (0x5)
[1114/154049.029:ERROR:process_reader_win.cc(151)] SuspendThread: Toegang geweigerd. (0x5)
[1114/154049.029:ERROR:process_reader_win.cc(151)] SuspendThread: Toegang geweigerd. (0x5)
[1114/154049.029:ERROR:process_reader_win.cc(151)] SuspendThread: Toegang geweigerd. (0x5)
[1114/154049.029:ERROR:process_reader_win.cc(151)] SuspendThread: Toegang geweigerd. (0x5)
[1114/154049.029:ERROR:process_reader_win.cc(151)] SuspendThread: Toegang geweigerd. (0x5)
[1114/154049.029:ERROR:process_reader_win.cc(151)] SuspendThread: Toegang geweigerd. (0x5)
[1114/154049.029:ERROR:process_reader_win.cc(151)] SuspendThread: Toegang geweigerd. (0x5)
[1114/154049.029:ERROR:process_reader_win.cc(151)] SuspendThread: Toegang geweigerd. (0x5)
[1114/154049.029:ERROR:process_reader_win.cc(123)] NtOpenThread: {Toegang geweigerd} Een proces heeft toegang tot een object aangevraagd, maar heeft deze toegangsrechten niet gekregen. (0xc0000022)
[1114/154049.029:ERROR:process_reader_win.cc(151)] SuspendThread: Toegang geweigerd. (0x5)
[1114/154049.029:ERROR:process_reader_win.cc(151)] SuspendThread: Toegang geweigerd. (0x5)
[1114/154049.029:ERROR:process_reader_win.cc(151)] SuspendThread: Toegang geweigerd. (0x5)
[1114/154049.029:ERROR:exception_snapshot_win.cc(99)] thread ID 26644 not found in process
[1114/154049.029:ERROR:process_reader_win.cc(151)] SuspendThread: Toegang geweigerd. (0x5)
[1114/154049.029:ERROR:process_reader_win.cc(151)] SuspendThread: Toegang geweigerd. (0x5)
[1114/154049.029:ERROR:process_reader_win.cc(123)] NtOpenThread: {Toegang geweigerd} Een proces heeft toegang tot een object aangevraagd, maar heeft deze toegangsrechten niet gekregen. (0xc0000022)
[1114/154049.029:ERROR:exception_snapshot_win.cc(99)] thread ID 25028 not found in process
[1114/154049.029:ERROR:process_reader_win.cc(151)] SuspendThread: Toegang geweigerd. (0x5)
[1114/154049.030:ERROR:process_reader_win.cc(151)] SuspendThread: Toegang geweigerd. (0x5)
[1114/154049.030:ERROR:process_reader_win.cc(151)] SuspendThread: Toegang geweigerd. (0x5)
[1114/154049.030:ERROR:process_reader_win.cc(151)] SuspendThread: Toegang geweigerd. (0x5)
[1114/154049.030:ERROR:process_reader_win.cc(151)] SuspendThread: Toegang geweigerd. (0x5)
[1114/154049.030:ERROR:process_reader_win.cc(151)] SuspendThread: Toegang geweigerd. (0x5)
[1114/154049.030:ERROR:process_reader_win.cc(151)] SuspendThread: Toegang geweigerd. (0x5)
[1114/154049.030:ERROR:process_reader_win.cc(151)] SuspendThread: Toegang geweigerd. (0x5)
[1114/154049.030:ERROR:process_reader_win.cc(151)] SuspendThread: Toegang geweigerd. (0x5)
[1114/154049.030:ERROR:process_reader_win.cc(151)] SuspendThread: Toegang geweigerd. (0x5)
[1114/154049.030:ERROR:process_reader_win.cc(151)] SuspendThread: Toegang geweigerd. (0x5)
[1114/154049.030:ERROR:process_reader_win.cc(151)] SuspendThread: Toegang geweigerd. (0x5)
[1114/154049.030:ERROR:process_reader_win.cc(151)] SuspendThread: Toegang geweigerd. (0x5)
[1114/154049.030:ERROR:process_reader_win.cc(123)] NtOpenThread: {Toegang geweigerd} Een proces heeft toegang tot een object aangevraagd, maar heeft deze toegangsrechten niet gekregen. (0xc0000022)
[1114/154049.030:ERROR:exception_snapshot_win.cc(99)] thread ID 23244 not found in process
[1114/154049.049:ERROR:process_reader_win.cc(151)] SuspendThread: Toegang geweigerd. (0x5)
[1114/154049.049:ERROR:process_reader_win.cc(151)] SuspendThread: Toegang geweigerd. (0x5)
[1114/154049.049:ERROR:process_reader_win.cc(151)] SuspendThread: Toegang geweigerd. (0x5)
[1114/154049.049:ERROR:process_reader_win.cc(151)] SuspendThread: Toegang geweigerd. (0x5)
[1114/154049.049:ERROR:process_reader_win.cc(151)] SuspendThread: Toegang geweigerd. (0x5)
[1114/154049.049:ERROR:process_reader_win.cc(151)] SuspendThread: Toegang geweigerd. (0x5)
[1114/154049.049:ERROR:process_reader_win.cc(151)] SuspendThread: Toegang geweigerd. (0x5)
[1114/154049.049:ERROR:process_reader_win.cc(151)] SuspendThread: Toegang geweigerd. (0x5)
[1114/154049.049:ERROR:process_reader_win.cc(151)] SuspendThread: Toegang geweigerd. (0x5)
[1114/154049.049:ERROR:process_reader_win.cc(151)] SuspendThread: Toegang geweigerd. (0x5)
[1114/154049.049:ERROR:process_reader_win.cc(151)] SuspendThread: Toegang geweigerd. (0x5)
[1114/154049.049:ERROR:process_reader_win.cc(151)] SuspendThread: Toegang geweigerd. (0x5)
[1114/154049.049:ERROR:process_reader_win.cc(151)] SuspendThread: Toegang geweigerd. (0x5)
[1114/154049.049:ERROR:process_reader_win.cc(151)] SuspendThread: Toegang geweigerd. (0x5)
[1114/154049.049:ERROR:process_reader_win.cc(123)] NtOpenThread: {Toegang geweigerd} Een proces heeft toegang tot een object aangevraagd, maar heeft deze toegangsrechten niet gekregen. (0xc0000022)
[1114/154049.049:ERROR:exception_snapshot_win.cc(99)] thread ID 47020 not found in process
[1114/154049.054:ERROR:process_reader_win.cc(151)] SuspendThread: Toegang geweigerd. (0x5)
[1114/154049.054:ERROR:process_reader_win.cc(151)] SuspendThread: Toegang geweigerd. (0x5)
[1114/154049.054:ERROR:process_reader_win.cc(151)] SuspendThread: Toegang geweigerd. (0x5)
[1114/154049.054:ERROR:process_reader_win.cc(151)] SuspendThread: Toegang geweigerd. (0x5)
[1114/154049.054:ERROR:process_reader_win.cc(151)] SuspendThread: Toegang geweigerd. (0x5)
[1114/154049.054:ERROR:process_reader_win.cc(151)] SuspendThread: Toegang geweigerd. (0x5)
[1114/154049.054:ERROR:process_reader_win.cc(151)] SuspendThread: Toegang geweigerd. (0x5)
[1114/154049.054:ERROR:process_reader_win.cc(151)] SuspendThread: Toegang geweigerd. (0x5)
[1114/154049.054:ERROR:process_reader_win.cc(151)] SuspendThread: Toegang geweigerd. (0x5)
[1114/154049.054:ERROR:process_reader_win.cc(151)] SuspendThread: Toegang geweigerd. (0x5)
[1114/154049.054:ERROR:process_reader_win.cc(151)] SuspendThread: Toegang geweigerd. (0x5)
[1114/154049.054:ERROR:process_reader_win.cc(151)] SuspendThread: Toegang geweigerd. (0x5)
[1114/154049.054:ERROR:process_reader_win.cc(123)] NtOpenThread: {Toegang geweigerd} Een proces heeft toegang tot een object aangevraagd, maar heeft deze toegangsrechten niet gekregen. (0xc0000022)
[1114/154049.054:ERROR:exception_snapshot_win.cc(99)] thread ID 43380 not found in process
[1114/154049.055:ERROR:process_reader_win.cc(151)] SuspendThread: Toegang geweigerd. (0x5)
[1114/154049.055:ERROR:process_reader_win.cc(151)] SuspendThread: Toegang geweigerd. (0x5)
[1114/154049.055:ERROR:process_reader_win.cc(151)] SuspendThread: Toegang geweigerd. (0x5)
[1114/154049.056:ERROR:process_reader_win.cc(151)] SuspendThread: Toegang geweigerd. (0x5)
[1114/154049.056:ERROR:process_reader_win.cc(151)] SuspendThread: Toegang geweigerd. (0x5)
[1114/154049.056:ERROR:process_reader_win.cc(151)] SuspendThread: Toegang geweigerd. (0x5)
[1114/154049.056:ERROR:process_reader_win.cc(151)] SuspendThread: Toegang geweigerd. (0x5)
[1114/154049.056:ERROR:process_reader_win.cc(151)] SuspendThread: Toegang geweigerd. (0x5)
[1114/154049.056:ERROR:process_reader_win.cc(151)] SuspendThread: Toegang geweigerd. (0x5)
[1114/154049.056:ERROR:process_reader_win.cc(151)] SuspendThread: Toegang geweigerd. (0x5)
[1114/154049.056:ERROR:process_reader_win.cc(151)] SuspendThread: Toegang geweigerd. (0x5)
[1114/154049.056:ERROR:process_reader_win.cc(151)] SuspendThread: Toegang geweigerd. (0x5)
[1114/154049.056:ERROR:process_reader_win.cc(151)] SuspendThread: Toegang geweigerd. (0x5)
[1114/154049.056:ERROR:process_reader_win.cc(123)] NtOpenThread: {Toegang geweigerd} Een proces heeft toegang tot een object aangevraagd, maar heeft deze toegangsrechten niet gekregen. (0xc0000022)
[1114/154049.056:ERROR:exception_snapshot_win.cc(99)] thread ID 46612 not found in process
[1114/154049.057:ERROR:process_reader_win.cc(151)] SuspendThread: Toegang geweigerd. (0x5)
[1114/154049.057:ERROR:process_reader_win.cc(151)] SuspendThread: Toegang geweigerd. (0x5)
[1114/154049.057:ERROR:process_reader_win.cc(151)] SuspendThread: Toegang geweigerd. (0x5)
[1114/154049.057:ERROR:process_reader_win.cc(151)] SuspendThread: Toegang geweigerd. (0x5)
[1114/154049.057:ERROR:process_reader_win.cc(151)] SuspendThread: Toegang geweigerd. (0x5)
[1114/154049.057:ERROR:process_reader_win.cc(151)] SuspendThread: Toegang geweigerd. (0x5)
[1114/154049.057:ERROR:process_reader_win.cc(151)] SuspendThread: Toegang geweigerd. (0x5)
[1114/154049.057:ERROR:process_reader_win.cc(151)] SuspendThread: Toegang geweigerd. (0x5)
[1114/154049.057:ERROR:process_reader_win.cc(151)] SuspendThread: Toegang geweigerd. (0x5)
[1114/154049.057:ERROR:process_reader_win.cc(151)] SuspendThread: Toegang geweigerd. (0x5)
[1114/154049.057:ERROR:process_reader_win.cc(151)] SuspendThread: Toegang geweigerd. (0x5)
[1114/154049.057:ERROR:process_reader_win.cc(151)] SuspendThread: Toegang geweigerd. (0x5)
[1114/154049.057:ERROR:process_reader_win.cc(151)] SuspendThread: Toegang geweigerd. (0x5)
[1114/154049.057:ERROR:process_reader_win.cc(151)] SuspendThread: Toegang geweigerd. (0x5)
[1114/154049.057:ERROR:process_reader_win.cc(123)] NtOpenThread: {Toegang geweigerd} Een proces heeft toegang tot een object aangevraagd, maar heeft deze toegangsrechten niet gekregen. (0xc0000022)
[1114/154049.057:ERROR:exception_snapshot_win.cc(99)] thread ID 25504 not found in process
[1114/154049.059:ERROR:process_reader_win.cc(151)] SuspendThread: Toegang geweigerd. (0x5)
[1114/154049.059:ERROR:process_reader_win.cc(151)] SuspendThread: Toegang geweigerd. (0x5)
[1114/154049.059:ERROR:process_reader_win.cc(151)] SuspendThread: Toegang geweigerd. (0x5)
[1114/154049.059:ERROR:process_reader_win.cc(151)] SuspendThread: Toegang geweigerd. (0x5)
[1114/154049.059:ERROR:process_reader_win.cc(151)] SuspendThread: Toegang geweigerd. (0x5)
[1114/154049.059:ERROR:process_reader_win.cc(151)] SuspendThread: Toegang geweigerd. (0x5)
[1114/154049.059:ERROR:process_reader_win.cc(151)] SuspendThread: Toegang geweigerd. (0x5)
[1114/154049.059:ERROR:process_reader_win.cc(151)] SuspendThread: Toegang geweigerd. (0x5)
[1114/154049.059:ERROR:process_reader_win.cc(151)] SuspendThread: Toegang geweigerd. (0x5)
[1114/154049.059:ERROR:process_reader_win.cc(151)] SuspendThread: Toegang geweigerd. (0x5)
[1114/154049.059:ERROR:process_reader_win.cc(151)] SuspendThread: Toegang geweigerd. (0x5)
[1114/154049.059:ERROR:process_reader_win.cc(151)] SuspendThread: Toegang geweigerd. (0x5)
[1114/154049.059:ERROR:process_reader_win.cc(123)] NtOpenThread: {Toegang geweigerd} Een proces heeft toegang tot een object aangevraagd, maar heeft deze toegangsrechten niet gekregen. (0xc0000022)
[1114/154049.059:ERROR:exception_snapshot_win.cc(99)] thread ID 11700 not found in process
[1114/154049.069:ERROR:process_reader_win.cc(151)] SuspendThread: Toegang geweigerd. (0x5)
[1114/154049.069:ERROR:process_reader_win.cc(151)] SuspendThread: Toegang geweigerd. (0x5)
[1114/154049.069:ERROR:process_reader_win.cc(151)] SuspendThread: Toegang geweigerd. (0x5)
[1114/154049.069:ERROR:process_reader_win.cc(151)] SuspendThread: Toegang geweigerd. (0x5)
[1114/154049.069:ERROR:process_reader_win.cc(151)] SuspendThread: Toegang geweigerd. (0x5)
[1114/154049.069:ERROR:process_reader_win.cc(151)] SuspendThread: Toegang geweigerd. (0x5)
[1114/154049.070:ERROR:process_reader_win.cc(151)] SuspendThread: Toegang geweigerd. (0x5)
[1114/154049.070:ERROR:process_reader_win.cc(151)] SuspendThread: Toegang geweigerd. (0x5)
[1114/154049.070:ERROR:process_reader_win.cc(151)] SuspendThread: Toegang geweigerd. (0x5)
[1114/154049.070:ERROR:process_reader_win.cc(151)] SuspendThread: Toegang geweigerd. (0x5)
[1114/154049.070:ERROR:process_reader_win.cc(151)] SuspendThread: Toegang geweigerd. (0x5)
[1114/154049.070:ERROR:process_reader_win.cc(151)] SuspendThread: Toegang geweigerd. (0x5)
[1114/154049.070:ERROR:process_reader_win.cc(151)] SuspendThread: Toegang geweigerd. (0x5)
[1114/154049.070:ERROR:process_reader_win.cc(123)] NtOpenThread: {Toegang geweigerd} Een proces heeft toegang tot een object aangevraagd, maar heeft deze toegangsrechten niet gekregen. (0xc0000022)
[1114/154049.070:ERROR:exception_snapshot_win.cc(99)] thread ID 41712 not found in process
[1114/154049.078:ERROR:process_reader_win.cc(151)] SuspendThread: Toegang geweigerd. (0x5)
[1114/154049.078:ERROR:process_reader_win.cc(151)] SuspendThread: Toegang geweigerd. (0x5)
[1114/154049.078:ERROR:process_reader_win.cc(151)] SuspendThread: Toegang geweigerd. (0x5)
[1114/154049.078:ERROR:process_reader_win.cc(151)] SuspendThread: Toegang geweigerd. (0x5)
[1114/154049.078:ERROR:process_reader_win.cc(151)] SuspendThread: Toegang geweigerd. (0x5)
[1114/154049.078:ERROR:process_reader_win.cc(151)] SuspendThread: Toegang geweigerd. (0x5)
[1114/154049.078:ERROR:process_reader_win.cc(151)] SuspendThread: Toegang geweigerd. (0x5)
[1114/154049.078:ERROR:process_reader_win.cc(151)] SuspendThread: Toegang geweigerd. (0x5)
[1114/154049.078:ERROR:process_reader_win.cc(151)] SuspendThread: Toegang geweigerd. (0x5)
[1114/154049.078:ERROR:process_reader_win.cc(151)] SuspendThread: Toegang geweigerd. (0x5)
[1114/154049.078:ERROR:process_reader_win.cc(151)] SuspendThread: Toegang geweigerd. (0x5)
[1114/154049.078:ERROR:process_reader_win.cc(151)] SuspendThread: Toegang geweigerd. (0x5)
[1114/154049.078:ERROR:process_reader_win.cc(151)] SuspendThread: Toegang geweigerd. (0x5)
[1114/154049.078:ERROR:process_reader_win.cc(151)] SuspendThread: Toegang geweigerd. (0x5)
[1114/154049.078:ERROR:process_reader_win.cc(151)] SuspendThread: Toegang geweigerd. (0x5)
[1114/154049.078:ERROR:process_reader_win.cc(151)] SuspendThread: Toegang geweigerd. (0x5)
[1114/154049.078:ERROR:process_reader_win.cc(151)] SuspendThread: Toegang geweigerd. (0x5)
[1114/154049.078:ERROR:process_reader_win.cc(151)] SuspendThread: Toegang geweigerd. (0x5)
[1114/154049.078:ERROR:process_reader_win.cc(151)] SuspendThread: Toegang geweigerd. (0x5)
[1114/154049.078:ERROR:process_reader_win.cc(151)] SuspendThread: Toegang geweigerd. (0x5)
[1114/154049.078:ERROR:process_reader_win.cc(151)] SuspendThread: Toegang geweigerd. (0x5)
[1114/154049.078:ERROR:process_reader_win.cc(151)] SuspendThread: Toegang geweigerd. (0x5)
[1114/154049.078:ERROR:process_reader_win.cc(123)] NtOpenThread: {Toegang geweigerd} Een proces heeft toegang tot een object aangevraagd, maar heeft deze toegangsrechten niet gekregen. (0xc0000022)
[1114/154049.078:ERROR:process_reader_win.cc(151)] SuspendThread: Toegang geweigerd. (0x5)
[1114/154049.079:ERROR:process_reader_win.cc(151)] SuspendThread: Toegang geweigerd. (0x5)
[1114/154049.079:ERROR:process_reader_win.cc(151)] SuspendThread: Toegang geweigerd. (0x5)
[1114/154049.079:ERROR:exception_snapshot_win.cc(99)] thread ID 23744 not found in process
[1114/154049.079:ERROR:process_reader_win.cc(151)] SuspendThread: Toegang geweigerd. (0x5)
[1114/154049.079:ERROR:process_reader_win.cc(151)] SuspendThread: Toegang geweigerd. (0x5)
[1114/154049.079:ERROR:process_reader_win.cc(151)] SuspendThread: Toegang geweigerd. (0x5)
[1114/154049.079:ERROR:process_reader_win.cc(151)] SuspendThread: Toegang geweigerd. (0x5)
[1114/154049.079:ERROR:process_reader_win.cc(151)] SuspendThread: Toegang geweigerd. (0x5)
[1114/154049.079:ERROR:process_reader_win.cc(151)] SuspendThread: Toegang geweigerd. (0x5)
[1114/154049.079:ERROR:process_reader_win.cc(151)] SuspendThread: Toegang geweigerd. (0x5)
[1114/154049.079:ERROR:process_reader_win.cc(151)] SuspendThread: Toegang geweigerd. (0x5)
[1114/154049.079:ERROR:process_reader_win.cc(123)] NtOpenThread: {Toegang geweigerd} Een proces heeft toegang tot een object aangevraagd, maar heeft deze toegangsrechten niet gekregen. (0xc0000022)
[1114/154049.079:ERROR:process_reader_win.cc(151)] SuspendThread: Toegang geweigerd. (0x5)
[1114/154049.079:ERROR:process_reader_win.cc(151)] SuspendThread: Toegang geweigerd. (0x5)
[1114/154049.079:ERROR:process_reader_win.cc(151)] SuspendThread: Toegang geweigerd. (0x5)
[1114/154049.079:ERROR:process_reader_win.cc(151)] SuspendThread: Toegang geweigerd. (0x5)
[1114/154049.079:ERROR:exception_snapshot_win.cc(99)] thread ID 11992 not found in process
[1114/154049.079:ERROR:process_reader_win.cc(151)] SuspendThread: Toegang geweigerd. (0x5)
[1114/154049.079:ERROR:process_reader_win.cc(151)] SuspendThread: Toegang geweigerd. (0x5)
[1114/154049.079:ERROR:process_reader_win.cc(151)] SuspendThread: Toegang geweigerd. (0x5)
[1114/154049.079:ERROR:process_reader_win.cc(151)] SuspendThread: Toegang geweigerd. (0x5)
[1114/154049.079:ERROR:process_reader_win.cc(123)] NtOpenThread: {Toegang geweigerd} Een proces heeft toegang tot een object aangevraagd, maar heeft deze toegangsrechten niet gekregen. (0xc0000022)
[1114/154049.079:ERROR:exception_snapshot_win.cc(99)] thread ID 4392 not found in process
[1114/154049.088:ERROR:process_reader_win.cc(151)] SuspendThread: Toegang geweigerd. (0x5)
[1114/154049.088:ERROR:process_reader_win.cc(151)] SuspendThread: Toegang geweigerd. (0x5)
[1114/154049.088:ERROR:process_reader_win.cc(151)] SuspendThread: Toegang geweigerd. (0x5)
[1114/154049.088:ERROR:process_reader_win.cc(151)] SuspendThread: Toegang geweigerd. (0x5)
[1114/154049.088:ERROR:process_reader_win.cc(151)] SuspendThread: Toegang geweigerd. (0x5)
[1114/154049.088:ERROR:process_reader_win.cc(151)] SuspendThread: Toegang geweigerd. (0x5)
[1114/154049.088:ERROR:process_reader_win.cc(151)] SuspendThread: Toegang geweigerd. (0x5)
[1114/154049.088:ERROR:process_reader_win.cc(151)] SuspendThread: Toegang geweigerd. (0x5)
[1114/154049.088:ERROR:process_reader_win.cc(151)] SuspendThread: Toegang geweigerd. (0x5)
[1114/154049.088:ERROR:process_reader_win.cc(151)] SuspendThread: Toegang geweigerd. (0x5)
[1114/154049.088:ERROR:process_reader_win.cc(151)] SuspendThread: Toegang geweigerd. (0x5)
[1114/154049.088:ERROR:process_reader_win.cc(151)] SuspendThread: Toegang geweigerd. (0x5)
[1114/154049.088:ERROR:process_reader_win.cc(151)] SuspendThread: Toegang geweigerd. (0x5)
[1114/154049.088:ERROR:process_reader_win.cc(151)] SuspendThread: Toegang geweigerd. (0x5)
[1114/154049.088:ERROR:process_reader_win.cc(123)] NtOpenThread: {Toegang geweigerd} Een proces heeft toegang tot een object aangevraagd, maar heeft deze toegangsrechten niet gekregen. (0xc0000022)
[1114/154049.088:ERROR:exception_snapshot_win.cc(99)] thread ID 23236 not found in process
[1114/154049.094:ERROR:process_reader_win.cc(151)] SuspendThread: Toegang geweigerd. (0x5)
[1114/154049.094:ERROR:process_reader_win.cc(151)] SuspendThread: Toegang geweigerd. (0x5)
[1114/154049.095:ERROR:process_reader_win.cc(151)] SuspendThread: Toegang geweigerd. (0x5)
[1114/154049.095:ERROR:process_reader_win.cc(151)] SuspendThread: Toegang geweigerd. (0x5)
[1114/154049.095:ERROR:process_reader_win.cc(151)] SuspendThread: Toegang geweigerd. (0x5)
[1114/154049.095:ERROR:process_reader_win.cc(151)] SuspendThread: Toegang geweigerd. (0x5)
[1114/154049.095:ERROR:process_reader_win.cc(151)] SuspendThread: Toegang geweigerd. (0x5)
[1114/154049.095:ERROR:process_reader_win.cc(151)] SuspendThread: Toegang geweigerd. (0x5)
[1114/154049.095:ERROR:process_reader_win.cc(151)] SuspendThread: Toegang geweigerd. (0x5)
[1114/154049.095:ERROR:process_reader_win.cc(151)] SuspendThread: Toegang geweigerd. (0x5)
[1114/154049.095:ERROR:process_reader_win.cc(151)] SuspendThread: Toegang geweigerd. (0x5)
[1114/154049.095:ERROR:process_reader_win.cc(151)] SuspendThread: Toegang geweigerd. (0x5)
[1114/154049.095:ERROR:process_reader_win.cc(151)] SuspendThread: Toegang geweigerd. (0x5)
[1114/154049.095:ERROR:process_reader_win.cc(123)] NtOpenThread: {Toegang geweigerd} Een proces heeft toegang tot een object aangevraagd, maar heeft deze toegangsrechten niet gekregen. (0xc0000022)
[1114/154049.095:ERROR:exception_snapshot_win.cc(99)] thread ID 24488 not found in process
[1114/154049.099:ERROR:process_reader_win.cc(151)] SuspendThread: Toegang geweigerd. (0x5)
[1114/154049.100:ERROR:process_reader_win.cc(151)] SuspendThread: Toegang geweigerd. (0x5)
[1114/154049.100:ERROR:process_reader_win.cc(151)] SuspendThread: Toegang geweigerd. (0x5)
[1114/154049.100:ERROR:process_reader_win.cc(151)] SuspendThread: Toegang geweigerd. (0x5)
[1114/154049.100:ERROR:process_reader_win.cc(151)] SuspendThread: Toegang geweigerd. (0x5)
[1114/154049.100:ERROR:process_reader_win.cc(151)] SuspendThread: Toegang geweigerd. (0x5)
[1114/154049.100:ERROR:process_reader_win.cc(151)] SuspendThread: Toegang geweigerd. (0x5)
[1114/154049.100:ERROR:process_reader_win.cc(151)] SuspendThread: Toegang geweigerd. (0x5)
[1114/154049.100:ERROR:process_reader_win.cc(151)] SuspendThread: Toegang geweigerd. (0x5)
[1114/154049.100:ERROR:process_reader_win.cc(151)] SuspendThread: Toegang geweigerd. (0x5)
[1114/154049.100:ERROR:process_reader_win.cc(151)] SuspendThread: Toegang geweigerd. (0x5)
[1114/154049.100:ERROR:process_reader_win.cc(151)] SuspendThread: Toegang geweigerd. (0x5)
[1114/154049.100:ERROR:process_reader_win.cc(151)] SuspendThread: Toegang geweigerd. (0x5)
[1114/154049.100:ERROR:process_reader_win.cc(123)] NtOpenThread: {Toegang geweigerd} Een proces heeft toegang tot een object aangevraagd, maar heeft deze toegangsrechten niet gekregen. (0xc0000022)
[1114/154049.100:ERROR:exception_snapshot_win.cc(99)] thread ID 42296 not found in process
[1114/154049.100:ERROR:process_reader_win.cc(151)] SuspendThread: Toegang geweigerd. (0x5)
[1114/154049.100:ERROR:process_reader_win.cc(151)] SuspendThread: Toegang geweigerd. (0x5)
[1114/154049.100:ERROR:process_reader_win.cc(151)] SuspendThread: Toegang geweigerd. (0x5)
[1114/154049.100:ERROR:process_reader_win.cc(151)] SuspendThread: Toegang geweigerd. (0x5)
[1114/154049.100:ERROR:process_reader_win.cc(151)] SuspendThread: Toegang geweigerd. (0x5)
[1114/154049.100:ERROR:process_reader_win.cc(151)] SuspendThread: Toegang geweigerd. (0x5)
[1114/154049.100:ERROR:process_reader_win.cc(151)] SuspendThread: Toegang geweigerd. (0x5)
[1114/154049.100:ERROR:process_reader_win.cc(151)] SuspendThread: Toegang geweigerd. (0x5)
[1114/154049.100:ERROR:process_reader_win.cc(151)] SuspendThread: Toegang geweigerd. (0x5)
[1114/154049.100:ERROR:process_reader_win.cc(151)] SuspendThread: Toegang geweigerd. (0x5)
[1114/154049.100:ERROR:process_reader_win.cc(151)] SuspendThread: Toegang geweigerd. (0x5)
[1114/154049.100:ERROR:process_reader_win.cc(151)] SuspendThread: Toegang geweigerd. (0x5)
[1114/154049.100:ERROR:process_reader_win.cc(151)] SuspendThread: Toegang geweigerd. (0x5)
[1114/154049.100:ERROR:process_reader_win.cc(151)] SuspendThread: Toegang geweigerd. (0x5)
[1114/154049.101:ERROR:process_reader_win.cc(123)] NtOpenThread: {Toegang geweigerd} Een proces heeft toegang tot een object aangevraagd, maar heeft deze toegangsrechten niet gekregen. (0xc0000022)
[1114/154049.101:ERROR:exception_snapshot_win.cc(99)] thread ID 26660 not found in process
[1114/154049.108:ERROR:process_reader_win.cc(151)] SuspendThread: Toegang geweigerd. (0x5)
[1114/154049.108:ERROR:process_reader_win.cc(151)] SuspendThread: Toegang geweigerd. (0x5)
[1114/154049.108:ERROR:process_reader_win.cc(151)] SuspendThread: Toegang geweigerd. (0x5)
[1114/154049.108:ERROR:process_reader_win.cc(151)] SuspendThread: Toegang geweigerd. (0x5)
[1114/154049.108:ERROR:process_reader_win.cc(151)] SuspendThread: Toegang geweigerd. (0x5)
[1114/154049.108:ERROR:process_reader_win.cc(151)] SuspendThread: Toegang geweigerd. (0x5)
[1114/154049.108:ERROR:process_reader_win.cc(151)] SuspendThread: Toegang geweigerd. (0x5)
[1114/154049.108:ERROR:process_reader_win.cc(151)] SuspendThread: Toegang geweigerd. (0x5)
[1114/154049.109:ERROR:process_reader_win.cc(151)] SuspendThread: Toegang geweigerd. (0x5)
[1114/154049.109:ERROR:process_reader_win.cc(151)] SuspendThread: Toegang geweigerd. (0x5)
[1114/154049.109:ERROR:process_reader_win.cc(151)] SuspendThread: Toegang geweigerd. (0x5)
[1114/154049.109:ERROR:process_reader_win.cc(151)] SuspendThread: Toegang geweigerd. (0x5)
[1114/154049.109:ERROR:process_reader_win.cc(151)] SuspendThread: Toegang geweigerd. (0x5)
[1114/154049.109:ERROR:process_reader_win.cc(123)] NtOpenThread: {Toegang geweigerd} Een proces heeft toegang tot een object aangevraagd, maar heeft deze toegangsrechten niet gekregen. (0xc0000022)
[1114/154049.109:ERROR:exception_snapshot_win.cc(99)] thread ID 46544 not found in process
[1114/154049.115:ERROR:process_reader_win.cc(151)] SuspendThread: Toegang geweigerd. (0x5)
[1114/154049.115:ERROR:process_reader_win.cc(151)] SuspendThread: Toegang geweigerd. (0x5)
[1114/154049.115:ERROR:process_reader_win.cc(151)] SuspendThread: Toegang geweigerd. (0x5)
[1114/154049.115:ERROR:process_reader_win.cc(151)] SuspendThread: Toegang geweigerd. (0x5)
[1114/154049.115:ERROR:process_reader_win.cc(151)] SuspendThread: Toegang geweigerd. (0x5)
[1114/154049.115:ERROR:process_reader_win.cc(151)] SuspendThread: Toegang geweigerd. (0x5)
[1114/154049.115:ERROR:process_reader_win.cc(151)] SuspendThread: Toegang geweigerd. (0x5)
[1114/154049.115:ERROR:process_reader_win.cc(151)] SuspendThread: Toegang geweigerd. (0x5)
[1114/154049.115:ERROR:process_reader_win.cc(151)] SuspendThread: Toegang geweigerd. (0x5)
[1114/154049.115:ERROR:process_reader_win.cc(151)] SuspendThread: Toegang geweigerd. (0x5)
[1114/154049.115:ERROR:process_reader_win.cc(151)] SuspendThread: Toegang geweigerd. (0x5)
[1114/154049.115:ERROR:process_reader_win.cc(151)] SuspendThread: Toegang geweigerd. (0x5)
[1114/154049.115:ERROR:process_reader_win.cc(151)] SuspendThread: Toegang geweigerd. (0x5)
[1114/154049.115:ERROR:process_reader_win.cc(151)] SuspendThread: Toegang geweigerd. (0x5)
[1114/154049.115:ERROR:process_reader_win.cc(123)] NtOpenThread: {Toegang geweigerd} Een proces heeft toegang tot een object aangevraagd, maar heeft deze toegangsrechten niet gekregen. (0xc0000022)
[1114/154049.115:ERROR:exception_snapshot_win.cc(99)] thread ID 13180 not found in process
[1114/154049.123:ERROR:process_reader_win.cc(151)] SuspendThread: Toegang geweigerd. (0x5)
[1114/154049.123:ERROR:process_reader_win.cc(151)] SuspendThread: Toegang geweigerd. (0x5)
[1114/154049.123:ERROR:process_reader_win.cc(151)] SuspendThread: Toegang geweigerd. (0x5)
[1114/154049.123:ERROR:process_reader_win.cc(151)] SuspendThread: Toegang geweigerd. (0x5)
[1114/154049.123:ERROR:process_reader_win.cc(151)] SuspendThread: Toegang geweigerd. (0x5)
[1114/154049.123:ERROR:process_reader_win.cc(151)] SuspendThread: Toegang geweigerd. (0x5)
[1114/154049.124:ERROR:process_reader_win.cc(151)] SuspendThread: Toegang geweigerd. (0x5)
[1114/154049.124:ERROR:process_reader_win.cc(151)] SuspendThread: Toegang geweigerd. (0x5)
[1114/154049.124:ERROR:process_reader_win.cc(151)] SuspendThread: Toegang geweigerd. (0x5)
[1114/154049.124:ERROR:process_reader_win.cc(151)] SuspendThread: Toegang geweigerd. (0x5)
[1114/154049.124:ERROR:process_reader_win.cc(151)] SuspendThread: Toegang geweigerd. (0x5)
[1114/154049.124:ERROR:process_reader_win.cc(151)] SuspendThread: Toegang geweigerd. (0x5)
[1114/154049.124:ERROR:process_reader_win.cc(123)] NtOpenThread: {Toegang geweigerd} Een proces heeft toegang tot een object aangevraagd, maar heeft deze toegangsrechten niet gekregen. (0xc0000022)
[1114/154049.124:ERROR:exception_snapshot_win.cc(99)] thread ID 27292 not found in process
[1114/154049.124:ERROR:process_reader_win.cc(151)] SuspendThread: Toegang geweigerd. (0x5)
[1114/154049.124:ERROR:process_reader_win.cc(151)] SuspendThread: Toegang geweigerd. (0x5)
[1114/154049.124:ERROR:process_reader_win.cc(151)] SuspendThread: Toegang geweigerd. (0x5)
[1114/154049.124:ERROR:process_reader_win.cc(151)] SuspendThread: Toegang geweigerd. (0x5)
[1114/154049.124:ERROR:process_reader_win.cc(151)] SuspendThread: Toegang geweigerd. (0x5)
[1114/154049.124:ERROR:process_reader_win.cc(151)] SuspendThread: Toegang geweigerd. (0x5)
[1114/154049.124:ERROR:process_reader_win.cc(151)] SuspendThread: Toegang geweigerd. (0x5)
[1114/154049.124:ERROR:process_reader_win.cc(151)] SuspendThread: Toegang geweigerd. (0x5)
[1114/154049.124:ERROR:process_reader_win.cc(151)] SuspendThread: Toegang geweigerd. (0x5)
[1114/154049.124:ERROR:process_reader_win.cc(151)] SuspendThread: Toegang geweigerd. (0x5)
[1114/154049.124:ERROR:process_reader_win.cc(123)] NtOpenThread: {Toegang geweigerd} Een proces heeft toegang tot een object aangevraagd, maar heeft deze toegangsrechten niet gekregen. (0xc0000022)
[1114/154049.124:ERROR:exception_snapshot_win.cc(99)] thread ID 18640 not found in process
[1114/154049.129:ERROR:process_reader_win.cc(151)] SuspendThread: Toegang geweigerd. (0x5)
[1114/154049.129:ERROR:process_reader_win.cc(151)] SuspendThread: Toegang geweigerd. (0x5)
[1114/154049.129:ERROR:process_reader_win.cc(123)] NtOpenThread: {Toegang geweigerd} Een proces heeft toegang tot een object aangevraagd, maar heeft deze toegangsrechten niet gekregen. (0xc0000022)
[1114/154049.129:ERROR:exception_snapshot_win.cc(99)] thread ID 7200 not found in process
